::1 - - [15/Dec/2024:07:27:47 +0000] "POST /api/v1/user/login HTTP/1.1" 200 310 "-" "PostmanRuntime/7.43.0"
[0mPOST /api/v1/user/login [32m200[0m 120.239 ms - 310[0m
[0mPOST /api/v1/user/register [33m400[0m 52.451 ms - 48[0m
[0mPOST /api/v1/user/register [32m201[0m 3565.969 ms - 241[0m
[0mPOST /api/v1/user/login [31m500[0m 112.353 ms - 49[0m
[0mPOST /api/v1/user/login [31m500[0m 86.539 ms - 49[0m
[0mPOST /api/v1/user/login [31m500[0m 79.705 ms - 49[0m
[0mPOST /api/v1/user/login [31m500[0m 66.183 ms - 49[0m
[0mPOST /api/v1/user/login [31m500[0m 90.811 ms - 59[0m
[0mPOST /api/v1/user/login [32m200[0m 108.768 ms - 123[0m
[0mPOST /api/v1/user/login [32m200[0m 69.706 ms - 123[0m
[0mPOST /api/v1/user/login [32m200[0m 122.356 ms - 123[0m
[0mPOST /api/v1/user/login [32m200[0m 70.449 ms - 123[0m
[0mPOST /api/v1/user/login [32m200[0m 70.182 ms - 123[0m
[0mPOST /api/v1/user/login [32m200[0m 76.519 ms - 123[0m
[0mPOST /api/v1/user/login [32m200[0m 66.400 ms - 123[0m
[0mPOST /api/v1/user/login [32m200[0m 66.230 ms - 123[0m
[0mPOST /api/v1/user/login [32m200[0m 65.872 ms - 123[0m
[0mPOST /api/v1/user/login [32m200[0m 89.056 ms - 123[0m
[0mPOST /api/v1/user/login [31m500[0m 87.603 ms - 55[0m
[0mPOST /api/v1/user/login [32m200[0m 91.163 ms - 123[0m
[0mPOST /api/v1/user/login [32m200[0m 90.980 ms - 123[0m
[0mPOST /api/v1/user/login [32m200[0m 92.833 ms - 123[0m
[0mPOST /api/v1/user/login [32m200[0m 68.980 ms - 123[0m
[0mPOST /api/v1/user/login [32m200[0m 68.364 ms - 123[0m
[0mPOST /api/v1/user/login [32m200[0m 75.017 ms - 123[0m
[0mPOST /api/v1/user/login [32m200[0m 91.116 ms - 227[0m
[0mGET /api/v1/user/profileInfo [31m500[0m 3.957 ms - 50[0m
[0mGET /api/v1/user/profileInfo [31m500[0m 0.631 ms - 50[0m
[0mGET /api/v1/user/profileInfo [31m500[0m 5.160 ms - 50[0m
[0mGET /api/v1/user/profileInfo [31m500[0m 0.592 ms - 50[0m
[0mPOST /api/v1/user/login [32m200[0m 85.539 ms - 227[0m
[0mPOST /api/v1/user/login [32m200[0m 91.571 ms - 227[0m
[0mGET /api/v1/user/profileInfo [31m500[0m 1.196 ms - 50[0m
[0mGET /api/v1/user/profileInfo [31m500[0m 4.611 ms - 50[0m
[0mGET /api/v1/user/profileInfo [31m500[0m 9.672 ms - 50[0m
[0mPOST /api/v1/user/login [32m200[0m 91.595 ms - 227[0m
[0mPOST /api/v1/user/login [32m200[0m 17.485 ms - 11[0m
[0mPOST /api/v1/user/login [32m200[0m 1.018 ms - 11[0m
[0mPOST /api/v1/user/login [32m200[0m 12.476 ms - 11[0m
[0mPOST /api/v1/user/login [32m200[0m 16.991 ms - 11[0m
[0mPOST /api/v1/user/login [32m200[0m 10.748 ms - 11[0m
[0mPOST /api/v1/user/login [32m200[0m 21.903 ms - 11[0m
[0mPOST /api/v1/user/login [32m200[0m 15.707 ms - 11[0m
[0mPOST /api/v1/user/login [32m200[0m 0.633 ms - 11[0m
[0mPOST /api/v1/user/login [32m200[0m 0.501 ms - 11[0m
[0mPOST /api/v1/user/login [32m200[0m 11.458 ms - 11[0m
[0mPOST /api/v1/user/login [32m200[0m 0.585 ms - 11[0m
[0mPOST /api/v1/user/login [32m200[0m 0.510 ms - 11[0m
[0mPOST /api/v1/user/login [32m200[0m 0.391 ms - 11[0m
[0mPOST /api/v1/user/login [32m200[0m 0.489 ms - 11[0m
[0mPOST /api/v1/user/login [32m200[0m 14.330 ms - 11[0m
[0mPOST /api/v1/user/login [32m200[0m 1.522 ms - 11[0m
[0mPOST /api/v1/user/login [32m200[0m 14.149 ms - 11[0m
[0mPOST /api/v1/user/login [32m200[0m 17.552 ms - 11[0m
[0mPOST /api/v1/user/login [32m200[0m 14.010 ms - 11[0m
[0mPOST /api/v1/user/login [32m200[0m 1.411 ms - 11[0m
[0mPOST /api/v1/user/login [32m200[0m 1.358 ms - 11[0m
[0mPOST /api/v1/user/login [32m200[0m 14.309 ms - 11[0m
[0mPOST /api/v1/user/login [32m200[0m 12.999 ms - 11[0m
[0mPOST /api/v1/user/login [32m200[0m 1.589 ms - 11[0m
[0mPOST /api/v1/user/login [32m200[0m 1.134 ms - 11[0m
[0mPOST /api/v1/user/login [32m200[0m 0.966 ms - 11[0m
[0mPOST /api/v1/user/login [32m200[0m 1.295 ms - 11[0m
[0mPOST /api/v1/user/login [32m200[0m 92.934 ms - 227[0m
[0mPOST /api/v1/user/login [32m200[0m 91.688 ms - 227[0m
[0mGET /api/v1/user/profileInfo [33m404[0m 2.171 ms - 162[0m
[0mGET /api/v1/user/profileInfo [33m404[0m 4.949 ms - 162[0m
[0mPOST /api/v1/user/login [32m200[0m 91.175 ms - 227[0m
[0mPOST /api/v1/user/login [32m200[0m 115.615 ms - 227[0m
[0mPOST /api/v1/user/login [32m200[0m 94.643 ms - 227[0m
[0mPOST /api/v1/user/login [32m200[0m 92.778 ms - 227[0m
[0mPOST /api/v1/user/login [32m200[0m 204.418 ms - 227[0m
[0mPOST /api/v1/user/login [32m200[0m 80.503 ms - 227[0m
[0mPOST /api/v1/user/login [32m200[0m 77.861 ms - 227[0m
[0mPOST /api/v1/user/login [32m200[0m 79.722 ms - 227[0m
[0mPOST /api/v1/user/login [32m200[0m 78.110 ms - 227[0m
[0mPOST /api/v1/user/login [32m200[0m 108.329 ms - 227[0m
[0mPOST /api/v1/user/login [32m200[0m 78.214 ms - 227[0m
[0mPOST /api/v1/user/login [32m200[0m 97.684 ms - 227[0m
[0mPOST /api/v1/user/login [32m200[0m 98.403 ms - 227[0m
[0mPOST /api/v1/user/login [32m200[0m 95.184 ms - 227[0m
[0mPOST /api/v1/user/login [32m200[0m 89.411 ms - 227[0m
[0mPOST /api/v1/user/login [32m200[0m 97.225 ms - 227[0m
[0mPOST /api/v1/user/login [32m200[0m 152.493 ms - 227[0m
[0mPOST /api/v1/user/login [32m200[0m 68.673 ms - 227[0m
[0mPOST /api/v1/user/login [32m200[0m 103.051 ms - 227[0m
[0mPOST /api/v1/user/login [32m200[0m 91.153 ms - 227[0m
[0mPOST /api/v1/user/login [32m200[0m 67.914 ms - 227[0m
[0mPOST /api/v1/user/login [32m200[0m 93.823 ms - 227[0m
[0mPOST /api/v1/user/login [32m200[0m 79.030 ms - 227[0m
[0mPOST /api/v1/user/login [32m200[0m 169.477 ms - 227[0m
[0mPOST /api/v1/user/login [32m200[0m 109.022 ms - 227[0m
[0mPOST /api/v1/user/login [32m200[0m 119.413 ms - 414[0m
[0mPOST /api/v1/user/login [32m200[0m 74.211 ms - 414[0m
[0mPOST /api/v1/user/login [32m200[0m 85.676 ms - 414[0m
[0mPOST /api/v1/user/login [32m200[0m 109.588 ms - 414[0m
[0mPOST /api/v1/user/login [32m200[0m 112.983 ms - 414[0m
[0mPOST /api/v1/user/login [32m200[0m 135.923 ms - 414[0m
[0mPOST /api/v1/user/login [32m200[0m 113.885 ms - 414[0m
[0mPOST /api/v1/user/login [32m200[0m 121.945 ms - 414[0m
[0mPOST /api/v1/user/login [32m200[0m 126.620 ms - 414[0m
[0mPOST /api/v1/user/login [32m200[0m 119.600 ms - 414[0m
[0mPOST /api/v1/user/login [32m200[0m 161.217 ms - 414[0m
[0mPOST /api/v1/user/login [32m200[0m 113.664 ms - 414[0m
[0mGET /api/v1/user/profileInfo [31m500[0m 10.846 ms - 50[0m
[0mGET /api/v1/user/profileInfo [31m500[0m 2.215 ms - 50[0m
[0mPOST /api/v1/user/login [32m200[0m 102.205 ms - 414[0m
[0mGET /api/v1/user/profileInfo [31m500[0m 2.417 ms - 50[0m
[0mGET /api/v1/user/profileInfo [31m500[0m 3.458 ms - 50[0m
[0mGET /api/v1/user/profileInfo [31m500[0m 2.454 ms - 50[0m
[0mGET /api/v1/user/profileInfo [31m500[0m 2.597 ms - 50[0m
[0mGET /api/v1/user/profileInfo [31m500[0m 28.054 ms - 50[0m
[0mGET /api/v1/user/profileInfo [31m500[0m 8.457 ms - 50[0m
[0mGET /api/v1/user/profileInfo [31m500[0m 24.679 ms - 50[0m
[0mGET /api/v1/user/profileInfo [31m500[0m 27.404 ms - 50[0m
[0mGET /api/v1/user/profileInfo [31m500[0m 7.210 ms - 50[0m
[0mGET /api/v1/user/profileInfo [31m500[0m 6.971 ms - 50[0m
[0mGET /api/v1/user/profileInfo [31m500[0m 30.001 ms - 50[0m
[0mGET /api/v1/user/profileInfo [31m500[0m 25.659 ms - 156[0m
[0mGET /api/v1/user/profileInfo [31m500[0m 27.910 ms - 43[0m
[0mGET /api/v1/user/profileInfo [31m500[0m 17.009 ms - 43[0m
[0mPOST /api/v1/user/login [32m200[0m 80.979 ms - 414[0m
[0mGET /api/v1/user/profileInfo [31m500[0m 3.478 ms - 43[0m
[0mGET /api/v1/user/profileInfo [31m500[0m 3.271 ms - 43[0m
[0mGET /api/v1/user/profileInfo [31m500[0m 3.164 ms - 43[0m
[0mGET /api/v1/user/profileInfo [31m500[0m 2.977 ms - 43[0m
[0mGET /api/v1/user/profileInfo [31m500[0m 3.630 ms - 43[0m
[0mGET /api/v1/user/profileInfo [31m500[0m 3.693 ms - 43[0m
[0mGET /api/v1/user/profileInfo [31m500[0m 18.069 ms - 43[0m
[0mGET /api/v1/user/profileInfo [31m500[0m 15.474 ms - 43[0m
[0mGET /api/v1/user/profileInfo [31m500[0m 17.799 ms - 43[0m
[0mGET /api/v1/user/profileInfo [31m500[0m 22.752 ms - 84[0m
[0mGET /api/v1/user/profileInfo [31m500[0m 17.710 ms - 156[0m
[0mGET /api/v1/user/profileInfo [32m200[0m 20.122 ms - 385[0m
[0mGET /api/v1/user/profileInfo [32m200[0m 7.092 ms - 385[0m
[0mGET /api/v1/user/profileInfo [31m500[0m 1.971 ms - 47[0m
[0mGET /api/v1/user/profileInfo [31m500[0m 1.117 ms - 47[0m
[0mGET /api/v1/user/profileInfo [32m200[0m 6.409 ms - 385[0m
[0mPOST /api/v1/user/login [32m200[0m 80.403 ms - 414[0m
[0mGET /api/v1/user/profileInfo [32m200[0m 7.409 ms - 385[0m
[0mPOST /api/v1/user/login [32m200[0m 66.321 ms - 414[0m
[0mPOST /api/v1/user/login [32m200[0m 66.598 ms - 414[0m
[0mGET /api/v1/user/profileInfo [32m200[0m 4.971 ms - 385[0m
[0mGET /api/v1/user/profileInfo [32m200[0m 4.299 ms - 385[0m
[0mGET /api/v1/user/profileInfo [32m200[0m 4.663 ms - 385[0m
[0mGET /api/v1/user/profileInfo [32m200[0m 20.538 ms - 385[0m
[0mGET /api/v1/user/profileInfo [31m500[0m 1.010 ms - 83[0m
[0mGET /api/v1/user/profileInfo [33m401[0m 4.862 ms - 48[0m
[0mGET /api/v1/user/profileInfo [33m401[0m 0.645 ms - 48[0m
[0mGET /api/v1/user/profileInfo [33m401[0m 3.716 ms - 48[0m
[0mPOST /api/v1/user/login [32m200[0m 93.058 ms - 414[0m
[0mGET /api/v1/user/profileInfo [32m200[0m 9.919 ms - 385[0m
[0mGET /api/v1/user/logout [33m401[0m 9.129 ms - 48[0m
[0mGET /api/v1/user/logout [32m200[0m 21.869 ms - 53[0m
[0mGET /api/v1/user/logout [32m200[0m 3.504 ms - 53[0m
[0mGET /api/v1/user/logout [32m200[0m 2.860 ms - 53[0m
[0mGET /api/v1/user/logout [32m200[0m 22.659 ms - 53[0m
[0mGET /api/v1/user/logout [32m200[0m 5.745 ms - 53[0m
[0mGET /api/v1/user/profileInfo [32m200[0m 8.393 ms - 385[0m
[0mGET /api/v1/user/logout [32m200[0m 3.109 ms - 53[0m
[0mGET /api/v1/user/logout [32m200[0m 3.084 ms - 53[0m
[0mGET /api/v1/user/logout [32m200[0m 3.517 ms - 53[0m
[0mGET /api/v1/user/logout [32m200[0m 3.478 ms - 53[0m
[0mPOST /api/v1/user/login [32m200[0m 89.371 ms - 414[0m
[0mPOST /api/v1/user/login [32m200[0m 68.572 ms - 414[0m
[0mGET /api/v1/user/profileInfo [32m200[0m 4.815 ms - 385[0m
[0mGET /api/v1/user/logout [32m200[0m 2.370 ms - 53[0m
[0mGET /api/v1/user/logout [32m200[0m 2.500 ms - 53[0m
[0mGET /api/v1/user/logout [32m200[0m 2.527 ms - 53[0m
[0mGET /api/v1/user/logout [32m200[0m 2.410 ms - 53[0m
[0mGET /api/v1/user/logout [32m200[0m 2.278 ms - 53[0m
[0mPOST /api/v1/user/login [32m200[0m 66.380 ms - 414[0m
[0mGET /api/v1/user/profileInfo [32m200[0m 5.020 ms - 385[0m
[0mGET /api/v1/user/profileInfo [32m200[0m 4.129 ms - 385[0m
[0mGET /api/v1/user/logout [32m200[0m 3.071 ms - 53[0m
[0mGET /api/v1/user/logout [32m200[0m 2.291 ms - 53[0m
[0mGET /api/v1/user/logout [32m200[0m 2.260 ms - 53[0m
[0mPOST /api/v1/user/login [33m400[0m 185.710 ms - 53[0m
[0mPOST /api/v1/user/login [33m400[0m 148.153 ms - 51[0m
[0mPOST /api/v1/user/login [33m400[0m 79.204 ms - 51[0m
[0mPOST /api/v1/user/login [33m400[0m 65.028 ms - 51[0m
[0mPOST /api/v1/user/register [33m400[0m 0.715 ms - 53[0m
[0mPOST /api/v1/user/register [31m500[0m 40.950 ms - 82[0m
[0mPOST /api/v1/user/register [32m201[0m 2242.374 ms - 241[0m
[0mPOST /api/v1/user/login [32m200[0m 67.036 ms - 408[0m
[0mGET /api/v1/user/profileInfo [33m401[0m 0.575 ms - 48[0m
[0mGET /api/v1/user/profileInfo [32m200[0m 8.357 ms - 379[0m
[0mGET /api/v1/user/logout [33m401[0m 0.374 ms - 48[0m
[0mGET /api/v1/user/logout [31m500[0m 0.519 ms - 43[0m
[0mGET /api/v1/user/logout [32m200[0m 4.588 ms - 53[0m
[0mGET /api/v1/user/deleteAccount [32m200[0m 29.351 ms - 54[0m
[0mGET /api/v1/user/profileInfo [32m200[0m 7.155 ms - 379[0m
[0mGET /api/v1/user/profileInfo [32m200[0m 5.577 ms - 379[0m
[0mGET /api/v1/user/profileInfo [32m200[0m 5.370 ms - 379[0m
[0mGET /api/v1/user/deleteAccount [32m200[0m 33.389 ms - 54[0m
[0mGET /api/v1/user/deleteAccount [33m401[0m 5.812 ms - 44[0m
